<?xml version="1.0" encoding="UTF-8"?>
<!-- Generated by org.testng.reporters.JUnitXMLReporter -->
<testsuite hostname="DESKTOP-1ESRFEC" ignored="0" name="Default test" tests="3" failures="0" timestamp="12 Feb 2018 04:11:11 GMT" time="69.983" errors="0">
  <testcase name="createDeal" time="33.685" classname="com.qtpselenium.Zoho.project.testcases.DealTest"/>
  <testcase name="createDeal" time="35.423" classname="com.qtpselenium.Zoho.project.testcases.DealTest"/>
  <testcase name="DeleteLead" time="0.006" classname="com.qtpselenium.Zoho.project.testcases.DealTest"/>
</testsuite> <!-- Default test -->
